<?xml version="1.0" encoding="UTF-8"?>
<coverage generated="1774290169290" clover="3.2.0">
  <project timestamp="1774290169290" name="All files">
    <metrics statements="52" coveredstatements="52" conditionals="44" coveredconditionals="39" methods="9" coveredmethods="9" elements="105" coveredelements="100" complexity="0" loc="52" ncloc="52" packages="1" files="1" classes="1"/>
    <file name="error-handler.js" path="/Users/bene/drips/SoroMint/server/middleware/error-handler.js">
      <metrics statements="52" coveredstatements="52" conditionals="44" coveredconditionals="39" methods="9" coveredmethods="9"/>
      <line num="20" count="31" type="stmt"/>
      <line num="21" count="31" type="stmt"/>
      <line num="22" count="31" type="stmt"/>
      <line num="23" count="31" type="stmt"/>
      <line num="24" count="31" type="stmt"/>
      <line num="35" count="1" type="stmt"/>
      <line num="36" count="27" type="cond" truecount="2" falsecount="0"/>
      <line num="38" count="27" type="cond" truecount="4" falsecount="0"/>
      <line num="40" count="27" type="stmt"/>
      <line num="46" count="27" type="cond" truecount="1" falsecount="1"/>
      <line num="47" count="27" type="stmt"/>
      <line num="51" count="27" type="cond" truecount="4" falsecount="0"/>
      <line num="52" count="25" type="stmt"/>
      <line num="55" count="27" type="stmt"/>
      <line num="65" count="1" type="stmt"/>
      <line num="66" count="27" type="stmt"/>
      <line num="75" count="27" type="cond" truecount="4" falsecount="0"/>
      <line num="76" count="25" type="stmt"/>
      <line num="80" count="27" type="stmt"/>
      <line num="89" count="1" type="stmt"/>
      <line num="91" count="27" type="cond" truecount="2" falsecount="0"/>
      <line num="92" count="2" type="stmt"/>
      <line num="93" count="1" type="stmt"/>
      <line num="97" count="26" type="cond" truecount="2" falsecount="0"/>
      <line num="98" count="1" type="stmt"/>
      <line num="102" count="25" type="cond" truecount="2" falsecount="0"/>
      <line num="103" count="1" type="stmt"/>
      <line num="104" count="1" type="stmt"/>
      <line num="108" count="24" type="cond" truecount="2" falsecount="0"/>
      <line num="109" count="1" type="stmt"/>
      <line num="113" count="23" type="cond" truecount="2" falsecount="0"/>
      <line num="114" count="1" type="stmt"/>
      <line num="117" count="22" type="cond" truecount="2" falsecount="0"/>
      <line num="118" count="1" type="stmt"/>
      <line num="122" count="21" type="cond" truecount="2" falsecount="0"/>
      <line num="123" count="1" type="stmt"/>
      <line num="126" count="20" type="stmt"/>
      <line num="136" count="1" type="stmt"/>
      <line num="137" count="3" type="stmt"/>
      <line num="142" count="3" type="stmt"/>
      <line num="154" count="1" type="stmt"/>
      <line num="155" count="27" type="stmt"/>
      <line num="158" count="27" type="stmt"/>
      <line num="161" count="27" type="cond" truecount="4" falsecount="0"/>
      <line num="162" count="3" type="stmt"/>
      <line num="170" count="27" type="stmt"/>
      <line num="173" count="27" type="cond" truecount="1" falsecount="1"/>
      <line num="174" count="27" type="stmt"/>
      <line num="176" count="27" type="stmt"/>
      <line num="190" count="6" type="stmt"/>
      <line num="191" count="6" type="stmt"/>
      <line num="194" count="1" type="stmt"/>
    </file>
  </project>
</coverage>
