{"/Users/bene/drips/SoroMint/server/middleware/error-handler.js": {"path":"/Users/bene/drips/SoroMint/server/middleware/error-handler.js","statementMap":{"0":{"start":{"line":20,"column":4},"end":{"line":20,"column":19}},"1":{"start":{"line":21,"column":4},"end":{"line":21,"column":33}},"2":{"start":{"line":22,"column":4},"end":{"line":22,"column":21}},"3":{"start":{"line":23,"column":4},"end":{"line":23,"column":30}},"4":{"start":{"line":24,"column":4},"end":{"line":24,"column":52}},"5":{"start":{"line":35,"column":28},"end":{"line":56,"column":1}},"6":{"start":{"line":36,"column":23},"end":{"line":36,"column":68}},"7":{"start":{"line":38,"column":22},"end":{"line":38,"column":116}},"8":{"start":{"line":40,"column":19},"end":{"line":43,"column":3}},"9":{"start":{"line":46,"column":2},"end":{"line":48,"column":3}},"10":{"start":{"line":47,"column":4},"end":{"line":47,"column":37}},"11":{"start":{"line":51,"column":2},"end":{"line":53,"column":3}},"12":{"start":{"line":52,"column":4},"end":{"line":52,"column":31}},"13":{"start":{"line":55,"column":2},"end":{"line":55,"column":18}},"14":{"start":{"line":65,"column":17},"end":{"line":81,"column":1}},"15":{"start":{"line":66,"column":21},"end":{"line":73,"column":3}},"16":{"start":{"line":75,"column":2},"end":{"line":77,"column":3}},"17":{"start":{"line":76,"column":4},"end":{"line":76,"column":52}},"18":{"start":{"line":80,"column":2},"end":{"line":80,"column":39}},"19":{"start":{"line":89,"column":26},"end":{"line":127,"column":1}},"20":{"start":{"line":91,"column":2},"end":{"line":94,"column":3}},"21":{"start":{"line":92,"column":21},"end":{"line":92,"column":77}},"22":{"start":{"line":92,"column":56},"end":{"line":92,"column":65}},"23":{"start":{"line":93,"column":4},"end":{"line":93,"column":59}},"24":{"start":{"line":97,"column":2},"end":{"line":99,"column":3}},"25":{"start":{"line":98,"column":4},"end":{"line":98,"column":80}},"26":{"start":{"line":102,"column":2},"end":{"line":105,"column":3}},"27":{"start":{"line":103,"column":18},"end":{"line":103,"column":48}},"28":{"start":{"line":104,"column":4},"end":{"line":104,"column":73}},"29":{"start":{"line":108,"column":2},"end":{"line":110,"column":3}},"30":{"start":{"line":109,"column":4},"end":{"line":109,"column":55}},"31":{"start":{"line":113,"column":2},"end":{"line":115,"column":3}},"32":{"start":{"line":114,"column":4},"end":{"line":114,"column":63}},"33":{"start":{"line":117,"column":2},"end":{"line":119,"column":3}},"34":{"start":{"line":118,"column":4},"end":{"line":118,"column":63}},"35":{"start":{"line":122,"column":2},"end":{"line":124,"column":3}},"36":{"start":{"line":123,"column":4},"end":{"line":123,"column":72}},"37":{"start":{"line":126,"column":2},"end":{"line":126,"column":13}},"38":{"start":{"line":136,"column":24},"end":{"line":143,"column":1}},"39":{"start":{"line":137,"column":14},"end":{"line":141,"column":3}},"40":{"start":{"line":142,"column":2},"end":{"line":142,"column":12}},"41":{"start":{"line":154,"column":21},"end":{"line":177,"column":1}},"42":{"start":{"line":155,"column":23},"end":{"line":155,"column":60}},"43":{"start":{"line":158,"column":23},"end":{"line":158,"column":45}},"44":{"start":{"line":161,"column":2},"end":{"line":167,"column":3}},"45":{"start":{"line":162,"column":4},"end":{"line":166,"column":6}},"46":{"start":{"line":170,"column":2},"end":{"line":170,"column":46}},"47":{"start":{"line":173,"column":21},"end":{"line":173,"column":53}},"48":{"start":{"line":174,"column":23},"end":{"line":174,"column":72}},"49":{"start":{"line":176,"column":2},"end":{"line":176,"column":44}},"50":{"start":{"line":190,"column":21},"end":{"line":192,"column":1}},"51":{"start":{"line":190,"column":29},"end":{"line":192,"column":1}},"52":{"start":{"line":191,"column":2},"end":{"line":191,"column":50}},"53":{"start":{"line":194,"column":0},"end":{"line":199,"column":2}}},"fnMap":{"0":{"name":"(anonymous_0)","decl":{"start":{"line":19,"column":2},"end":{"line":19,"column":3}},"loc":{"start":{"line":19,"column":66},"end":{"line":25,"column":3}},"line":19},"1":{"name":"(anonymous_1)","decl":{"start":{"line":35,"column":28},"end":{"line":35,"column":29}},"loc":{"start":{"line":35,"column":51},"end":{"line":56,"column":1}},"line":35},"2":{"name":"(anonymous_2)","decl":{"start":{"line":65,"column":17},"end":{"line":65,"column":18}},"loc":{"start":{"line":65,"column":45},"end":{"line":81,"column":1}},"line":65},"3":{"name":"(anonymous_3)","decl":{"start":{"line":89,"column":26},"end":{"line":89,"column":27}},"loc":{"start":{"line":89,"column":35},"end":{"line":127,"column":1}},"line":89},"4":{"name":"(anonymous_4)","decl":{"start":{"line":92,"column":51},"end":{"line":92,"column":52}},"loc":{"start":{"line":92,"column":56},"end":{"line":92,"column":65}},"line":92},"5":{"name":"(anonymous_5)","decl":{"start":{"line":136,"column":24},"end":{"line":136,"column":25}},"loc":{"start":{"line":136,"column":44},"end":{"line":143,"column":1}},"line":136},"6":{"name":"(anonymous_6)","decl":{"start":{"line":154,"column":21},"end":{"line":154,"column":22}},"loc":{"start":{"line":154,"column":46},"end":{"line":177,"column":1}},"line":154},"7":{"name":"(anonymous_7)","decl":{"start":{"line":190,"column":21},"end":{"line":190,"column":22}},"loc":{"start":{"line":190,"column":29},"end":{"line":192,"column":1}},"line":190},"8":{"name":"(anonymous_8)","decl":{"start":{"line":190,"column":29},"end":{"line":190,"column":30}},"loc":{"start":{"line":190,"column":49},"end":{"line":192,"column":1}},"line":190}},"branchMap":{"0":{"loc":{"start":{"line":19,"column":23},"end":{"line":19,"column":39}},"type":"default-arg","locations":[{"start":{"line":19,"column":36},"end":{"line":19,"column":39}}],"line":19},"1":{"loc":{"start":{"line":19,"column":41},"end":{"line":19,"column":64}},"type":"default-arg","locations":[{"start":{"line":19,"column":48},"end":{"line":19,"column":64}}],"line":19},"2":{"loc":{"start":{"line":36,"column":23},"end":{"line":36,"column":68}},"type":"binary-expr","locations":[{"start":{"line":36,"column":23},"end":{"line":36,"column":34}},{"start":{"line":36,"column":38},"end":{"line":36,"column":68}}],"line":36},"3":{"loc":{"start":{"line":38,"column":22},"end":{"line":38,"column":116}},"type":"cond-expr","locations":[{"start":{"line":38,"column":71},"end":{"line":38,"column":101}},{"start":{"line":38,"column":104},"end":{"line":38,"column":116}}],"line":38},"4":{"loc":{"start":{"line":38,"column":22},"end":{"line":38,"column":68}},"type":"binary-expr","locations":[{"start":{"line":38,"column":22},"end":{"line":38,"column":45}},{"start":{"line":38,"column":49},"end":{"line":38,"column":68}}],"line":38},"5":{"loc":{"start":{"line":42,"column":10},"end":{"line":42,"column":38}},"type":"binary-expr","locations":[{"start":{"line":42,"column":10},"end":{"line":42,"column":18}},{"start":{"line":42,"column":22},"end":{"line":42,"column":38}}],"line":42},"6":{"loc":{"start":{"line":46,"column":2},"end":{"line":48,"column":3}},"type":"if","locations":[{"start":{"line":46,"column":2},"end":{"line":48,"column":3}},{"start":{},"end":{}}],"line":46},"7":{"loc":{"start":{"line":51,"column":2},"end":{"line":53,"column":3}},"type":"if","locations":[{"start":{"line":51,"column":2},"end":{"line":53,"column":3}},{"start":{},"end":{}}],"line":51},"8":{"loc":{"start":{"line":51,"column":6},"end":{"line":51,"column":32}},"type":"binary-expr","locations":[{"start":{"line":51,"column":6},"end":{"line":51,"column":19}},{"start":{"line":51,"column":23},"end":{"line":51,"column":32}}],"line":51},"9":{"loc":{"start":{"line":69,"column":13},"end":{"line":69,"column":41}},"type":"binary-expr","locations":[{"start":{"line":69,"column":13},"end":{"line":69,"column":21}},{"start":{"line":69,"column":25},"end":{"line":69,"column":41}}],"line":69},"10":{"loc":{"start":{"line":70,"column":15},"end":{"line":70,"column":36}},"type":"binary-expr","locations":[{"start":{"line":70,"column":15},"end":{"line":70,"column":29}},{"start":{"line":70,"column":33},"end":{"line":70,"column":36}}],"line":70},"11":{"loc":{"start":{"line":75,"column":2},"end":{"line":77,"column":3}},"type":"if","locations":[{"start":{"line":75,"column":2},"end":{"line":77,"column":3}},{"start":{},"end":{}}],"line":75},"12":{"loc":{"start":{"line":75,"column":6},"end":{"line":75,"column":32}},"type":"binary-expr","locations":[{"start":{"line":75,"column":6},"end":{"line":75,"column":19}},{"start":{"line":75,"column":23},"end":{"line":75,"column":32}}],"line":75},"13":{"loc":{"start":{"line":91,"column":2},"end":{"line":94,"column":3}},"type":"if","locations":[{"start":{"line":91,"column":2},"end":{"line":94,"column":3}},{"start":{},"end":{}}],"line":91},"14":{"loc":{"start":{"line":97,"column":2},"end":{"line":99,"column":3}},"type":"if","locations":[{"start":{"line":97,"column":2},"end":{"line":99,"column":3}},{"start":{},"end":{}}],"line":97},"15":{"loc":{"start":{"line":102,"column":2},"end":{"line":105,"column":3}},"type":"if","locations":[{"start":{"line":102,"column":2},"end":{"line":105,"column":3}},{"start":{},"end":{}}],"line":102},"16":{"loc":{"start":{"line":108,"column":2},"end":{"line":110,"column":3}},"type":"if","locations":[{"start":{"line":108,"column":2},"end":{"line":110,"column":3}},{"start":{},"end":{}}],"line":108},"17":{"loc":{"start":{"line":113,"column":2},"end":{"line":115,"column":3}},"type":"if","locations":[{"start":{"line":113,"column":2},"end":{"line":115,"column":3}},{"start":{},"end":{}}],"line":113},"18":{"loc":{"start":{"line":117,"column":2},"end":{"line":119,"column":3}},"type":"if","locations":[{"start":{"line":117,"column":2},"end":{"line":119,"column":3}},{"start":{},"end":{}}],"line":117},"19":{"loc":{"start":{"line":122,"column":2},"end":{"line":124,"column":3}},"type":"if","locations":[{"start":{"line":122,"column":2},"end":{"line":124,"column":3}},{"start":{},"end":{}}],"line":122},"20":{"loc":{"start":{"line":161,"column":2},"end":{"line":167,"column":3}},"type":"if","locations":[{"start":{"line":161,"column":2},"end":{"line":167,"column":3}},{"start":{},"end":{}}],"line":161},"21":{"loc":{"start":{"line":161,"column":6},"end":{"line":161,"column":65}},"type":"binary-expr","locations":[{"start":{"line":161,"column":6},"end":{"line":161,"column":35}},{"start":{"line":161,"column":39},"end":{"line":161,"column":65}}],"line":161},"22":{"loc":{"start":{"line":173,"column":21},"end":{"line":173,"column":53}},"type":"binary-expr","locations":[{"start":{"line":173,"column":21},"end":{"line":173,"column":46}},{"start":{"line":173,"column":50},"end":{"line":173,"column":53}}],"line":173}},"s":{"0":31,"1":31,"2":31,"3":31,"4":31,"5":1,"6":27,"7":27,"8":27,"9":27,"10":27,"11":27,"12":25,"13":27,"14":1,"15":27,"16":27,"17":25,"18":27,"19":1,"20":27,"21":1,"22":2,"23":1,"24":26,"25":1,"26":25,"27":1,"28":1,"29":24,"30":1,"31":23,"32":1,"33":22,"34":1,"35":21,"36":1,"37":20,"38":1,"39":3,"40":3,"41":1,"42":27,"43":27,"44":27,"45":3,"46":27,"47":27,"48":27,"49":27,"50":1,"51":6,"52":6,"53":1},"f":{"0":31,"1":27,"2":27,"3":27,"4":2,"5":3,"6":27,"7":6,"8":6},"b":{"0":[3],"1":[3],"2":[27,1],"3":[1,26],"4":[27,26],"5":[27,0],"6":[27,0],"7":[25,2],"8":[27,25],"9":[27,0],"10":[27,0],"11":[25,2],"12":[27,25],"13":[1,26],"14":[1,25],"15":[1,24],"16":[1,23],"17":[1,22],"18":[1,21],"19":[1,20],"20":[3,24],"21":[27,3],"22":[27,0]},"_coverageSchema":"1a1c01bbd47fc00a2c39e90264f33305004495a9","hash":"2de3dc5b824f5bb3fb8a6d6784d1dfd78b680ba2"}
}
