{"/Users/victor/Desktop/SoroMint/server/middleware/auth.js": {"path":"/Users/victor/Desktop/SoroMint/server/middleware/auth.js","statementMap":{"0":{"start":{"line":1,"column":12},"end":{"line":1,"column":35}},"1":{"start":{"line":2,"column":13},"end":{"line":2,"column":38}},"2":{"start":{"line":3,"column":21},"end":{"line":3,"column":47}},"3":{"start":{"line":18,"column":31},"end":{"line":26,"column":1}},"4":{"start":{"line":19,"column":21},"end":{"line":19,"column":46}},"5":{"start":{"line":21,"column":2},"end":{"line":23,"column":3}},"6":{"start":{"line":22,"column":4},"end":{"line":22,"column":16}},"7":{"start":{"line":25,"column":2},"end":{"line":25,"column":33}},"8":{"start":{"line":38,"column":21},"end":{"line":89,"column":1}},"9":{"start":{"line":39,"column":2},"end":{"line":88,"column":3}},"10":{"start":{"line":41,"column":18},"end":{"line":41,"column":45}},"11":{"start":{"line":43,"column":4},"end":{"line":45,"column":5}},"12":{"start":{"line":44,"column":6},"end":{"line":44,"column":109}},"13":{"start":{"line":48,"column":20},"end":{"line":48,"column":61}},"14":{"start":{"line":51,"column":17},"end":{"line":51,"column":62}},"15":{"start":{"line":53,"column":4},"end":{"line":55,"column":5}},"16":{"start":{"line":54,"column":6},"end":{"line":54,"column":89}},"17":{"start":{"line":58,"column":4},"end":{"line":60,"column":5}},"18":{"start":{"line":59,"column":6},"end":{"line":59,"column":104}},"19":{"start":{"line":63,"column":4},"end":{"line":63,"column":20}},"20":{"start":{"line":64,"column":4},"end":{"line":64,"column":24}},"21":{"start":{"line":66,"column":4},"end":{"line":66,"column":11}},"22":{"start":{"line":69,"column":4},"end":{"line":71,"column":5}},"23":{"start":{"line":70,"column":6},"end":{"line":70,"column":96}},"24":{"start":{"line":73,"column":4},"end":{"line":75,"column":5}},"25":{"start":{"line":74,"column":6},"end":{"line":74,"column":79}},"26":{"start":{"line":77,"column":4},"end":{"line":79,"column":5}},"27":{"start":{"line":78,"column":6},"end":{"line":78,"column":87}},"28":{"start":{"line":82,"column":4},"end":{"line":84,"column":5}},"29":{"start":{"line":83,"column":6},"end":{"line":83,"column":25}},"30":{"start":{"line":87,"column":4},"end":{"line":87,"column":75}},"31":{"start":{"line":99,"column":29},"end":{"line":125,"column":1}},"32":{"start":{"line":100,"column":2},"end":{"line":122,"column":3}},"33":{"start":{"line":101,"column":18},"end":{"line":101,"column":45}},"34":{"start":{"line":103,"column":4},"end":{"line":106,"column":5}},"35":{"start":{"line":105,"column":6},"end":{"line":105,"column":20}},"36":{"start":{"line":108,"column":20},"end":{"line":108,"column":61}},"37":{"start":{"line":109,"column":17},"end":{"line":109,"column":62}},"38":{"start":{"line":111,"column":4},"end":{"line":114,"column":5}},"39":{"start":{"line":112,"column":6},"end":{"line":112,"column":22}},"40":{"start":{"line":113,"column":6},"end":{"line":113,"column":26}},"41":{"start":{"line":119,"column":4},"end":{"line":121,"column":5}},"42":{"start":{"line":120,"column":6},"end":{"line":120,"column":79}},"43":{"start":{"line":124,"column":2},"end":{"line":124,"column":9}},"44":{"start":{"line":134,"column":18},"end":{"line":146,"column":1}},"45":{"start":{"line":135,"column":2},"end":{"line":145,"column":4}},"46":{"start":{"line":136,"column":4},"end":{"line":138,"column":5}},"47":{"start":{"line":137,"column":6},"end":{"line":137,"column":82}},"48":{"start":{"line":140,"column":4},"end":{"line":142,"column":5}},"49":{"start":{"line":141,"column":6},"end":{"line":141,"column":98}},"50":{"start":{"line":144,"column":4},"end":{"line":144,"column":11}},"51":{"start":{"line":155,"column":22},"end":{"line":174,"column":1}},"52":{"start":{"line":156,"column":2},"end":{"line":158,"column":3}},"53":{"start":{"line":157,"column":4},"end":{"line":157,"column":73}},"54":{"start":{"line":160,"column":18},"end":{"line":164,"column":3}},"55":{"start":{"line":167,"column":18},"end":{"line":171,"column":3}},"56":{"start":{"line":173,"column":2},"end":{"line":173,"column":60}},"57":{"start":{"line":182,"column":20},"end":{"line":188,"column":1}},"58":{"start":{"line":183,"column":2},"end":{"line":187,"column":3}},"59":{"start":{"line":184,"column":4},"end":{"line":184,"column":29}},"60":{"start":{"line":186,"column":4},"end":{"line":186,"column":16}},"61":{"start":{"line":196,"column":20},"end":{"line":202,"column":1}},"62":{"start":{"line":197,"column":2},"end":{"line":199,"column":3}},"63":{"start":{"line":198,"column":4},"end":{"line":198,"column":73}},"64":{"start":{"line":201,"column":2},"end":{"line":201,"column":51}},"65":{"start":{"line":204,"column":0},"end":{"line":212,"column":2}}},"fnMap":{"0":{"name":"(anonymous_0)","decl":{"start":{"line":18,"column":31},"end":{"line":18,"column":32}},"loc":{"start":{"line":18,"column":40},"end":{"line":26,"column":1}},"line":18},"1":{"name":"(anonymous_1)","decl":{"start":{"line":38,"column":21},"end":{"line":38,"column":22}},"loc":{"start":{"line":38,"column":47},"end":{"line":89,"column":1}},"line":38},"2":{"name":"(anonymous_2)","decl":{"start":{"line":99,"column":29},"end":{"line":99,"column":30}},"loc":{"start":{"line":99,"column":55},"end":{"line":125,"column":1}},"line":99},"3":{"name":"(anonymous_3)","decl":{"start":{"line":134,"column":18},"end":{"line":134,"column":19}},"loc":{"start":{"line":134,"column":32},"end":{"line":146,"column":1}},"line":134},"4":{"name":"(anonymous_4)","decl":{"start":{"line":135,"column":9},"end":{"line":135,"column":10}},"loc":{"start":{"line":135,"column":29},"end":{"line":145,"column":3}},"line":135},"5":{"name":"(anonymous_5)","decl":{"start":{"line":155,"column":22},"end":{"line":155,"column":23}},"loc":{"start":{"line":155,"column":54},"end":{"line":174,"column":1}},"line":155},"6":{"name":"(anonymous_6)","decl":{"start":{"line":182,"column":20},"end":{"line":182,"column":21}},"loc":{"start":{"line":182,"column":31},"end":{"line":188,"column":1}},"line":182},"7":{"name":"(anonymous_7)","decl":{"start":{"line":196,"column":20},"end":{"line":196,"column":21}},"loc":{"start":{"line":196,"column":31},"end":{"line":202,"column":1}},"line":196}},"branchMap":{"0":{"loc":{"start":{"line":21,"column":2},"end":{"line":23,"column":3}},"type":"if","locations":[{"start":{"line":21,"column":2},"end":{"line":23,"column":3}},{"start":{},"end":{}}],"line":21},"1":{"loc":{"start":{"line":21,"column":6},"end":{"line":21,"column":54}},"type":"binary-expr","locations":[{"start":{"line":21,"column":6},"end":{"line":21,"column":17}},{"start":{"line":21,"column":21},"end":{"line":21,"column":54}}],"line":21},"2":{"loc":{"start":{"line":43,"column":4},"end":{"line":45,"column":5}},"type":"if","locations":[{"start":{"line":43,"column":4},"end":{"line":45,"column":5}},{"start":{},"end":{}}],"line":43},"3":{"loc":{"start":{"line":53,"column":4},"end":{"line":55,"column":5}},"type":"if","locations":[{"start":{"line":53,"column":4},"end":{"line":55,"column":5}},{"start":{},"end":{}}],"line":53},"4":{"loc":{"start":{"line":58,"column":4},"end":{"line":60,"column":5}},"type":"if","locations":[{"start":{"line":58,"column":4},"end":{"line":60,"column":5}},{"start":{},"end":{}}],"line":58},"5":{"loc":{"start":{"line":69,"column":4},"end":{"line":71,"column":5}},"type":"if","locations":[{"start":{"line":69,"column":4},"end":{"line":71,"column":5}},{"start":{},"end":{}}],"line":69},"6":{"loc":{"start":{"line":73,"column":4},"end":{"line":75,"column":5}},"type":"if","locations":[{"start":{"line":73,"column":4},"end":{"line":75,"column":5}},{"start":{},"end":{}}],"line":73},"7":{"loc":{"start":{"line":77,"column":4},"end":{"line":79,"column":5}},"type":"if","locations":[{"start":{"line":77,"column":4},"end":{"line":79,"column":5}},{"start":{},"end":{}}],"line":77},"8":{"loc":{"start":{"line":82,"column":4},"end":{"line":84,"column":5}},"type":"if","locations":[{"start":{"line":82,"column":4},"end":{"line":84,"column":5}},{"start":{},"end":{}}],"line":82},"9":{"loc":{"start":{"line":103,"column":4},"end":{"line":106,"column":5}},"type":"if","locations":[{"start":{"line":103,"column":4},"end":{"line":106,"column":5}},{"start":{},"end":{}}],"line":103},"10":{"loc":{"start":{"line":111,"column":4},"end":{"line":114,"column":5}},"type":"if","locations":[{"start":{"line":111,"column":4},"end":{"line":114,"column":5}},{"start":{},"end":{}}],"line":111},"11":{"loc":{"start":{"line":111,"column":8},"end":{"line":111,"column":31}},"type":"binary-expr","locations":[{"start":{"line":111,"column":8},"end":{"line":111,"column":12}},{"start":{"line":111,"column":16},"end":{"line":111,"column":31}}],"line":111},"12":{"loc":{"start":{"line":119,"column":4},"end":{"line":121,"column":5}},"type":"if","locations":[{"start":{"line":119,"column":4},"end":{"line":121,"column":5}},{"start":{},"end":{}}],"line":119},"13":{"loc":{"start":{"line":136,"column":4},"end":{"line":138,"column":5}},"type":"if","locations":[{"start":{"line":136,"column":4},"end":{"line":138,"column":5}},{"start":{},"end":{}}],"line":136},"14":{"loc":{"start":{"line":140,"column":4},"end":{"line":142,"column":5}},"type":"if","locations":[{"start":{"line":140,"column":4},"end":{"line":142,"column":5}},{"start":{},"end":{}}],"line":140},"15":{"loc":{"start":{"line":155,"column":34},"end":{"line":155,"column":49}},"type":"default-arg","locations":[{"start":{"line":155,"column":45},"end":{"line":155,"column":49}}],"line":155},"16":{"loc":{"start":{"line":156,"column":2},"end":{"line":158,"column":3}},"type":"if","locations":[{"start":{"line":156,"column":2},"end":{"line":158,"column":3}},{"start":{},"end":{}}],"line":156},"17":{"loc":{"start":{"line":168,"column":15},"end":{"line":168,"column":50}},"type":"binary-expr","locations":[{"start":{"line":168,"column":15},"end":{"line":168,"column":41}},{"start":{"line":168,"column":45},"end":{"line":168,"column":50}}],"line":168},"18":{"loc":{"start":{"line":197,"column":2},"end":{"line":199,"column":3}},"type":"if","locations":[{"start":{"line":197,"column":2},"end":{"line":199,"column":3}},{"start":{},"end":{}}],"line":197}},"s":{"0":1,"1":1,"2":1,"3":1,"4":4,"5":4,"6":0,"7":4,"8":1,"9":4,"10":4,"11":4,"12":0,"13":4,"14":4,"15":4,"16":0,"17":4,"18":0,"19":4,"20":4,"21":4,"22":0,"23":0,"24":0,"25":0,"26":0,"27":0,"28":0,"29":0,"30":0,"31":1,"32":0,"33":0,"34":0,"35":0,"36":0,"37":0,"38":0,"39":0,"40":0,"41":0,"42":0,"43":0,"44":1,"45":1,"46":3,"47":0,"48":3,"49":1,"50":2,"51":1,"52":0,"53":0,"54":0,"55":0,"56":0,"57":1,"58":0,"59":0,"60":0,"61":1,"62":0,"63":0,"64":0,"65":1},"f":{"0":4,"1":4,"2":0,"3":1,"4":3,"5":0,"6":0,"7":0},"b":{"0":[0,4],"1":[4,4],"2":[0,4],"3":[0,4],"4":[0,4],"5":[0,0],"6":[0,0],"7":[0,0],"8":[0,0],"9":[0,0],"10":[0,0],"11":[0,0],"12":[0,0],"13":[0,3],"14":[1,2],"15":[0],"16":[0,0],"17":[0,0],"18":[0,0]},"_coverageSchema":"1a1c01bbd47fc00a2c39e90264f33305004495a9","hash":"1a766c9ad3dcf8e15dc0ed6d4c8137644c864584"}
,"/Users/victor/Desktop/SoroMint/server/middleware/error-handler.js": {"path":"/Users/victor/Desktop/SoroMint/server/middleware/error-handler.js","statementMap":{"0":{"start":{"line":11,"column":19},"end":{"line":11,"column":45}},"1":{"start":{"line":22,"column":4},"end":{"line":22,"column":19}},"2":{"start":{"line":23,"column":4},"end":{"line":23,"column":33}},"3":{"start":{"line":24,"column":4},"end":{"line":24,"column":21}},"4":{"start":{"line":25,"column":4},"end":{"line":25,"column":30}},"5":{"start":{"line":26,"column":4},"end":{"line":26,"column":52}},"6":{"start":{"line":37,"column":28},"end":{"line":58,"column":1}},"7":{"start":{"line":38,"column":23},"end":{"line":38,"column":68}},"8":{"start":{"line":40,"column":22},"end":{"line":40,"column":116}},"9":{"start":{"line":42,"column":19},"end":{"line":45,"column":3}},"10":{"start":{"line":48,"column":2},"end":{"line":50,"column":3}},"11":{"start":{"line":49,"column":4},"end":{"line":49,"column":37}},"12":{"start":{"line":53,"column":2},"end":{"line":55,"column":3}},"13":{"start":{"line":54,"column":4},"end":{"line":54,"column":31}},"14":{"start":{"line":57,"column":2},"end":{"line":57,"column":18}},"15":{"start":{"line":67,"column":17},"end":{"line":91,"column":1}},"16":{"start":{"line":68,"column":18},"end":{"line":76,"column":3}},"17":{"start":{"line":79,"column":2},"end":{"line":81,"column":3}},"18":{"start":{"line":80,"column":4},"end":{"line":80,"column":30}},"19":{"start":{"line":84,"column":2},"end":{"line":90,"column":3}},"20":{"start":{"line":85,"column":4},"end":{"line":85,"column":51}},"21":{"start":{"line":86,"column":9},"end":{"line":90,"column":3}},"22":{"start":{"line":87,"column":4},"end":{"line":87,"column":41}},"23":{"start":{"line":89,"column":4},"end":{"line":89,"column":34}},"24":{"start":{"line":99,"column":26},"end":{"line":137,"column":1}},"25":{"start":{"line":101,"column":2},"end":{"line":104,"column":3}},"26":{"start":{"line":102,"column":21},"end":{"line":102,"column":77}},"27":{"start":{"line":102,"column":56},"end":{"line":102,"column":65}},"28":{"start":{"line":103,"column":4},"end":{"line":103,"column":59}},"29":{"start":{"line":107,"column":2},"end":{"line":109,"column":3}},"30":{"start":{"line":108,"column":4},"end":{"line":108,"column":80}},"31":{"start":{"line":112,"column":2},"end":{"line":115,"column":3}},"32":{"start":{"line":113,"column":18},"end":{"line":113,"column":48}},"33":{"start":{"line":114,"column":4},"end":{"line":114,"column":73}},"34":{"start":{"line":118,"column":2},"end":{"line":120,"column":3}},"35":{"start":{"line":119,"column":4},"end":{"line":119,"column":55}},"36":{"start":{"line":123,"column":2},"end":{"line":125,"column":3}},"37":{"start":{"line":124,"column":4},"end":{"line":124,"column":63}},"38":{"start":{"line":127,"column":2},"end":{"line":129,"column":3}},"39":{"start":{"line":128,"column":4},"end":{"line":128,"column":63}},"40":{"start":{"line":132,"column":2},"end":{"line":134,"column":3}},"41":{"start":{"line":133,"column":4},"end":{"line":133,"column":72}},"42":{"start":{"line":136,"column":2},"end":{"line":136,"column":13}},"43":{"start":{"line":146,"column":24},"end":{"line":153,"column":1}},"44":{"start":{"line":147,"column":14},"end":{"line":151,"column":3}},"45":{"start":{"line":152,"column":2},"end":{"line":152,"column":12}},"46":{"start":{"line":164,"column":21},"end":{"line":187,"column":1}},"47":{"start":{"line":165,"column":23},"end":{"line":165,"column":60}},"48":{"start":{"line":168,"column":23},"end":{"line":168,"column":45}},"49":{"start":{"line":171,"column":2},"end":{"line":177,"column":3}},"50":{"start":{"line":172,"column":4},"end":{"line":176,"column":6}},"51":{"start":{"line":180,"column":2},"end":{"line":180,"column":46}},"52":{"start":{"line":183,"column":21},"end":{"line":183,"column":53}},"53":{"start":{"line":184,"column":23},"end":{"line":184,"column":72}},"54":{"start":{"line":186,"column":2},"end":{"line":186,"column":44}},"55":{"start":{"line":200,"column":21},"end":{"line":202,"column":1}},"56":{"start":{"line":200,"column":29},"end":{"line":202,"column":1}},"57":{"start":{"line":201,"column":2},"end":{"line":201,"column":50}},"58":{"start":{"line":204,"column":0},"end":{"line":209,"column":2}}},"fnMap":{"0":{"name":"(anonymous_0)","decl":{"start":{"line":21,"column":2},"end":{"line":21,"column":3}},"loc":{"start":{"line":21,"column":66},"end":{"line":27,"column":3}},"line":21},"1":{"name":"(anonymous_1)","decl":{"start":{"line":37,"column":28},"end":{"line":37,"column":29}},"loc":{"start":{"line":37,"column":51},"end":{"line":58,"column":1}},"line":37},"2":{"name":"(anonymous_2)","decl":{"start":{"line":67,"column":17},"end":{"line":67,"column":18}},"loc":{"start":{"line":67,"column":45},"end":{"line":91,"column":1}},"line":67},"3":{"name":"(anonymous_3)","decl":{"start":{"line":99,"column":26},"end":{"line":99,"column":27}},"loc":{"start":{"line":99,"column":35},"end":{"line":137,"column":1}},"line":99},"4":{"name":"(anonymous_4)","decl":{"start":{"line":102,"column":51},"end":{"line":102,"column":52}},"loc":{"start":{"line":102,"column":56},"end":{"line":102,"column":65}},"line":102},"5":{"name":"(anonymous_5)","decl":{"start":{"line":146,"column":24},"end":{"line":146,"column":25}},"loc":{"start":{"line":146,"column":44},"end":{"line":153,"column":1}},"line":146},"6":{"name":"(anonymous_6)","decl":{"start":{"line":164,"column":21},"end":{"line":164,"column":22}},"loc":{"start":{"line":164,"column":46},"end":{"line":187,"column":1}},"line":164},"7":{"name":"(anonymous_7)","decl":{"start":{"line":200,"column":21},"end":{"line":200,"column":22}},"loc":{"start":{"line":200,"column":29},"end":{"line":202,"column":1}},"line":200},"8":{"name":"(anonymous_8)","decl":{"start":{"line":200,"column":29},"end":{"line":200,"column":30}},"loc":{"start":{"line":200,"column":49},"end":{"line":202,"column":1}},"line":200}},"branchMap":{"0":{"loc":{"start":{"line":21,"column":23},"end":{"line":21,"column":39}},"type":"default-arg","locations":[{"start":{"line":21,"column":36},"end":{"line":21,"column":39}}],"line":21},"1":{"loc":{"start":{"line":21,"column":41},"end":{"line":21,"column":64}},"type":"default-arg","locations":[{"start":{"line":21,"column":48},"end":{"line":21,"column":64}}],"line":21},"2":{"loc":{"start":{"line":38,"column":23},"end":{"line":38,"column":68}},"type":"binary-expr","locations":[{"start":{"line":38,"column":23},"end":{"line":38,"column":34}},{"start":{"line":38,"column":38},"end":{"line":38,"column":68}}],"line":38},"3":{"loc":{"start":{"line":40,"column":22},"end":{"line":40,"column":116}},"type":"cond-expr","locations":[{"start":{"line":40,"column":71},"end":{"line":40,"column":101}},{"start":{"line":40,"column":104},"end":{"line":40,"column":116}}],"line":40},"4":{"loc":{"start":{"line":40,"column":22},"end":{"line":40,"column":68}},"type":"binary-expr","locations":[{"start":{"line":40,"column":22},"end":{"line":40,"column":45}},{"start":{"line":40,"column":49},"end":{"line":40,"column":68}}],"line":40},"5":{"loc":{"start":{"line":44,"column":10},"end":{"line":44,"column":38}},"type":"binary-expr","locations":[{"start":{"line":44,"column":10},"end":{"line":44,"column":18}},{"start":{"line":44,"column":22},"end":{"line":44,"column":38}}],"line":44},"6":{"loc":{"start":{"line":48,"column":2},"end":{"line":50,"column":3}},"type":"if","locations":[{"start":{"line":48,"column":2},"end":{"line":50,"column":3}},{"start":{},"end":{}}],"line":48},"7":{"loc":{"start":{"line":53,"column":2},"end":{"line":55,"column":3}},"type":"if","locations":[{"start":{"line":53,"column":2},"end":{"line":55,"column":3}},{"start":{},"end":{}}],"line":53},"8":{"loc":{"start":{"line":53,"column":6},"end":{"line":53,"column":32}},"type":"binary-expr","locations":[{"start":{"line":53,"column":6},"end":{"line":53,"column":19}},{"start":{"line":53,"column":23},"end":{"line":53,"column":32}}],"line":53},"9":{"loc":{"start":{"line":70,"column":10},"end":{"line":70,"column":38}},"type":"binary-expr","locations":[{"start":{"line":70,"column":10},"end":{"line":70,"column":18}},{"start":{"line":70,"column":22},"end":{"line":70,"column":38}}],"line":70},"10":{"loc":{"start":{"line":71,"column":16},"end":{"line":71,"column":37}},"type":"binary-expr","locations":[{"start":{"line":71,"column":16},"end":{"line":71,"column":30}},{"start":{"line":71,"column":34},"end":{"line":71,"column":37}}],"line":71},"11":{"loc":{"start":{"line":75,"column":19},"end":{"line":75,"column":45}},"type":"binary-expr","locations":[{"start":{"line":75,"column":19},"end":{"line":75,"column":36}},{"start":{"line":75,"column":40},"end":{"line":75,"column":45}}],"line":75},"12":{"loc":{"start":{"line":79,"column":2},"end":{"line":81,"column":3}},"type":"if","locations":[{"start":{"line":79,"column":2},"end":{"line":81,"column":3}},{"start":{},"end":{}}],"line":79},"13":{"loc":{"start":{"line":84,"column":2},"end":{"line":90,"column":3}},"type":"if","locations":[{"start":{"line":84,"column":2},"end":{"line":90,"column":3}},{"start":{"line":86,"column":9},"end":{"line":90,"column":3}}],"line":84},"14":{"loc":{"start":{"line":86,"column":9},"end":{"line":90,"column":3}},"type":"if","locations":[{"start":{"line":86,"column":9},"end":{"line":90,"column":3}},{"start":{"line":88,"column":9},"end":{"line":90,"column":3}}],"line":86},"15":{"loc":{"start":{"line":101,"column":2},"end":{"line":104,"column":3}},"type":"if","locations":[{"start":{"line":101,"column":2},"end":{"line":104,"column":3}},{"start":{},"end":{}}],"line":101},"16":{"loc":{"start":{"line":107,"column":2},"end":{"line":109,"column":3}},"type":"if","locations":[{"start":{"line":107,"column":2},"end":{"line":109,"column":3}},{"start":{},"end":{}}],"line":107},"17":{"loc":{"start":{"line":112,"column":2},"end":{"line":115,"column":3}},"type":"if","locations":[{"start":{"line":112,"column":2},"end":{"line":115,"column":3}},{"start":{},"end":{}}],"line":112},"18":{"loc":{"start":{"line":118,"column":2},"end":{"line":120,"column":3}},"type":"if","locations":[{"start":{"line":118,"column":2},"end":{"line":120,"column":3}},{"start":{},"end":{}}],"line":118},"19":{"loc":{"start":{"line":123,"column":2},"end":{"line":125,"column":3}},"type":"if","locations":[{"start":{"line":123,"column":2},"end":{"line":125,"column":3}},{"start":{},"end":{}}],"line":123},"20":{"loc":{"start":{"line":127,"column":2},"end":{"line":129,"column":3}},"type":"if","locations":[{"start":{"line":127,"column":2},"end":{"line":129,"column":3}},{"start":{},"end":{}}],"line":127},"21":{"loc":{"start":{"line":132,"column":2},"end":{"line":134,"column":3}},"type":"if","locations":[{"start":{"line":132,"column":2},"end":{"line":134,"column":3}},{"start":{},"end":{}}],"line":132},"22":{"loc":{"start":{"line":171,"column":2},"end":{"line":177,"column":3}},"type":"if","locations":[{"start":{"line":171,"column":2},"end":{"line":177,"column":3}},{"start":{},"end":{}}],"line":171},"23":{"loc":{"start":{"line":171,"column":6},"end":{"line":171,"column":65}},"type":"binary-expr","locations":[{"start":{"line":171,"column":6},"end":{"line":171,"column":35}},{"start":{"line":171,"column":39},"end":{"line":171,"column":65}}],"line":171},"24":{"loc":{"start":{"line":183,"column":21},"end":{"line":183,"column":53}},"type":"binary-expr","locations":[{"start":{"line":183,"column":21},"end":{"line":183,"column":46}},{"start":{"line":183,"column":50},"end":{"line":183,"column":53}}],"line":183}},"s":{"0":1,"1":1,"2":1,"3":1,"4":1,"5":1,"6":1,"7":1,"8":1,"9":1,"10":1,"11":1,"12":1,"13":1,"14":1,"15":1,"16":1,"17":1,"18":1,"19":1,"20":0,"21":1,"22":1,"23":0,"24":1,"25":1,"26":0,"27":0,"28":0,"29":1,"30":0,"31":1,"32":0,"33":0,"34":1,"35":0,"36":1,"37":0,"38":1,"39":0,"40":1,"41":0,"42":1,"43":1,"44":0,"45":0,"46":1,"47":1,"48":1,"49":1,"50":0,"51":1,"52":1,"53":1,"54":1,"55":1,"56":3,"57":6,"58":1},"f":{"0":1,"1":1,"2":1,"3":1,"4":0,"5":0,"6":1,"7":3,"8":6},"b":{"0":[0],"1":[0],"2":[1,0],"3":[0,1],"4":[1,1],"5":[1,0],"6":[1,0],"7":[1,0],"8":[1,1],"9":[1,0],"10":[1,0],"11":[1,0],"12":[1,0],"13":[0,1],"14":[1,0],"15":[0,1],"16":[0,1],"17":[0,1],"18":[0,1],"19":[0,1],"20":[0,1],"21":[0,1],"22":[0,1],"23":[1,0],"24":[1,0]},"_coverageSchema":"1a1c01bbd47fc00a2c39e90264f33305004495a9","hash":"0ff37f9f97159cb2b7858e279c5c91d42af64d66"}
,"/Users/victor/Desktop/SoroMint/server/models/DeploymentAudit.js": {"path":"/Users/victor/Desktop/SoroMint/server/models/DeploymentAudit.js","statementMap":{"0":{"start":{"line":1,"column":17},"end":{"line":1,"column":36}},"1":{"start":{"line":10,"column":30},"end":{"line":60,"column":2}},"2":{"start":{"line":65,"column":0},"end":{"line":65,"column":43}},"3":{"start":{"line":70,"column":0},"end":{"line":70,"column":43}},"4":{"start":{"line":75,"column":0},"end":{"line":75,"column":47}},"5":{"start":{"line":77,"column":0},"end":{"line":77,"column":74}}},"fnMap":{},"branchMap":{},"s":{"0":1,"1":1,"2":1,"3":1,"4":1,"5":1},"f":{},"b":{},"_coverageSchema":"1a1c01bbd47fc00a2c39e90264f33305004495a9","hash":"79e2d0f116cbc64102daf4d6276d608e1a4e6e5a"}
,"/Users/victor/Desktop/SoroMint/server/models/Token.js": {"path":"/Users/victor/Desktop/SoroMint/server/models/Token.js","statementMap":{"0":{"start":{"line":1,"column":17},"end":{"line":1,"column":36}},"1":{"start":{"line":21,"column":20},"end":{"line":77,"column":2}},"2":{"start":{"line":82,"column":0},"end":{"line":82,"column":54}}},"fnMap":{},"branchMap":{},"s":{"0":1,"1":1,"2":1},"f":{},"b":{},"_coverageSchema":"1a1c01bbd47fc00a2c39e90264f33305004495a9","hash":"a19787fc32c5c6b8b6514a367717292b143d4b34"}
,"/Users/victor/Desktop/SoroMint/server/models/User.js": {"path":"/Users/victor/Desktop/SoroMint/server/models/User.js","statementMap":{"0":{"start":{"line":1,"column":17},"end":{"line":1,"column":36}},"1":{"start":{"line":10,"column":19},"end":{"line":69,"column":2}},"2":{"start":{"line":24,"column":8},"end":{"line":24,"column":45}},"3":{"start":{"line":74,"column":0},"end":{"line":74,"column":35}},"4":{"start":{"line":81,"column":0},"end":{"line":83,"column":2}},"5":{"start":{"line":82,"column":2},"end":{"line":82,"column":62}},"6":{"start":{"line":89,"column":0},"end":{"line":92,"column":2}},"7":{"start":{"line":90,"column":2},"end":{"line":90,"column":32}},"8":{"start":{"line":91,"column":2},"end":{"line":91,"column":21}},"9":{"start":{"line":98,"column":0},"end":{"line":100,"column":2}},"10":{"start":{"line":99,"column":2},"end":{"line":99,"column":34}},"11":{"start":{"line":102,"column":0},"end":{"line":102,"column":52}}},"fnMap":{"0":{"name":"(anonymous_0)","decl":{"start":{"line":21,"column":17},"end":{"line":21,"column":18}},"loc":{"start":{"line":21,"column":34},"end":{"line":25,"column":7}},"line":21},"1":{"name":"(anonymous_1)","decl":{"start":{"line":81,"column":37},"end":{"line":81,"column":38}},"loc":{"start":{"line":81,"column":64},"end":{"line":83,"column":1}},"line":81},"2":{"name":"(anonymous_2)","decl":{"start":{"line":89,"column":37},"end":{"line":89,"column":38}},"loc":{"start":{"line":89,"column":55},"end":{"line":92,"column":1}},"line":89},"3":{"name":"(anonymous_3)","decl":{"start":{"line":98,"column":30},"end":{"line":98,"column":31}},"loc":{"start":{"line":98,"column":42},"end":{"line":100,"column":1}},"line":98}},"branchMap":{},"s":{"0":1,"1":1,"2":2,"3":1,"4":1,"5":4,"6":1,"7":0,"8":0,"9":1,"10":4,"11":1},"f":{"0":2,"1":4,"2":0,"3":4},"b":{},"_coverageSchema":"1a1c01bbd47fc00a2c39e90264f33305004495a9","hash":"b0a2cc3a73e8c3c63d1886216971cb53986ad14e"}
,"/Users/victor/Desktop/SoroMint/server/routes/audit-routes.js": {"path":"/Users/victor/Desktop/SoroMint/server/routes/audit-routes.js","statementMap":{"0":{"start":{"line":1,"column":16},"end":{"line":1,"column":34}},"1":{"start":{"line":2,"column":24},"end":{"line":2,"column":60}},"2":{"start":{"line":3,"column":36},"end":{"line":3,"column":65}},"3":{"start":{"line":4,"column":25},"end":{"line":4,"column":63}},"4":{"start":{"line":13,"column":15},"end":{"line":13,"column":31}},"5":{"start":{"line":22,"column":0},"end":{"line":28,"column":4}},"6":{"start":{"line":23,"column":15},"end":{"line":25,"column":14}},"7":{"start":{"line":27,"column":2},"end":{"line":27,"column":17}},"8":{"start":{"line":37,"column":0},"end":{"line":51,"column":4}},"9":{"start":{"line":38,"column":40},"end":{"line":38,"column":49}},"10":{"start":{"line":39,"column":17},"end":{"line":39,"column":19}},"11":{"start":{"line":41,"column":2},"end":{"line":41,"column":37}},"12":{"start":{"line":41,"column":14},"end":{"line":41,"column":37}},"13":{"start":{"line":42,"column":2},"end":{"line":42,"column":37}},"14":{"start":{"line":42,"column":14},"end":{"line":42,"column":37}},"15":{"start":{"line":43,"column":2},"end":{"line":43,"column":63}},"16":{"start":{"line":43,"column":17},"end":{"line":43,"column":63}},"17":{"start":{"line":45,"column":15},"end":{"line":48,"column":15}},"18":{"start":{"line":50,"column":2},"end":{"line":50,"column":17}},"19":{"start":{"line":53,"column":0},"end":{"line":53,"column":24}}},"fnMap":{"0":{"name":"(anonymous_0)","decl":{"start":{"line":22,"column":47},"end":{"line":22,"column":48}},"loc":{"start":{"line":22,"column":67},"end":{"line":28,"column":1}},"line":22},"1":{"name":"(anonymous_1)","decl":{"start":{"line":37,"column":73},"end":{"line":37,"column":74}},"loc":{"start":{"line":37,"column":93},"end":{"line":51,"column":1}},"line":37}},"branchMap":{"0":{"loc":{"start":{"line":41,"column":2},"end":{"line":41,"column":37}},"type":"if","locations":[{"start":{"line":41,"column":2},"end":{"line":41,"column":37}},{"start":{},"end":{}}],"line":41},"1":{"loc":{"start":{"line":42,"column":2},"end":{"line":42,"column":37}},"type":"if","locations":[{"start":{"line":42,"column":2},"end":{"line":42,"column":37}},{"start":{},"end":{}}],"line":42},"2":{"loc":{"start":{"line":43,"column":2},"end":{"line":43,"column":63}},"type":"if","locations":[{"start":{"line":43,"column":2},"end":{"line":43,"column":63}},{"start":{},"end":{}}],"line":43}},"s":{"0":1,"1":1,"2":1,"3":1,"4":1,"5":1,"6":1,"7":1,"8":1,"9":2,"10":2,"11":2,"12":1,"13":2,"14":0,"15":2,"16":0,"17":2,"18":2,"19":1},"f":{"0":1,"1":2},"b":{"0":[1,1],"1":[0,2],"2":[0,2]},"_coverageSchema":"1a1c01bbd47fc00a2c39e90264f33305004495a9","hash":"9735a6d98ec10b31dda6334d843d99d156696316"}
,"/Users/victor/Desktop/SoroMint/server/utils/logger.js": {"path":"/Users/victor/Desktop/SoroMint/server/utils/logger.js","statementMap":{"0":{"start":{"line":10,"column":16},"end":{"line":10,"column":34}},"1":{"start":{"line":11,"column":24},"end":{"line":11,"column":60}},"2":{"start":{"line":12,"column":15},"end":{"line":12,"column":32}},"3":{"start":{"line":13,"column":13},"end":{"line":13,"column":28}},"4":{"start":{"line":24,"column":18},"end":{"line":29,"column":1}},"5":{"start":{"line":36,"column":25},"end":{"line":57,"column":2}},"6":{"start":{"line":41,"column":32},"end":{"line":41,"column":74}},"7":{"start":{"line":42,"column":23},"end":{"line":42,"column":78}},"8":{"start":{"line":45,"column":23},"end":{"line":47,"column":7}},"9":{"start":{"line":46,"column":8},"end":{"line":46,"column":67}},"10":{"start":{"line":49,"column":6},"end":{"line":52,"column":7}},"11":{"start":{"line":50,"column":27},"end":{"line":50,"column":83}},"12":{"start":{"line":50,"column":47},"end":{"line":50,"column":72}},"13":{"start":{"line":51,"column":8},"end":{"line":51,"column":39}},"14":{"start":{"line":54,"column":6},"end":{"line":54,"column":24}},"15":{"start":{"line":64,"column":22},"end":{"line":71,"column":2}},"16":{"start":{"line":78,"column":15},"end":{"line":89,"column":2}},"17":{"start":{"line":99,"column":30},"end":{"line":101,"column":1}},"18":{"start":{"line":100,"column":2},"end":{"line":100,"column":29}},"19":{"start":{"line":116,"column":32},"end":{"line":124,"column":1}},"20":{"start":{"line":118,"column":2},"end":{"line":118,"column":81}},"21":{"start":{"line":121,"column":2},"end":{"line":121,"column":55}},"22":{"start":{"line":123,"column":2},"end":{"line":123,"column":9}},"23":{"start":{"line":136,"column":29},"end":{"line":164,"column":1}},"24":{"start":{"line":137,"column":20},"end":{"line":137,"column":30}},"25":{"start":{"line":138,"column":24},"end":{"line":138,"column":41}},"26":{"start":{"line":141,"column":2},"end":{"line":161,"column":5}},"27":{"start":{"line":142,"column":21},"end":{"line":142,"column":43}},"28":{"start":{"line":143,"column":20},"end":{"line":151,"column":5}},"29":{"start":{"line":154,"column":4},"end":{"line":160,"column":5}},"30":{"start":{"line":155,"column":6},"end":{"line":155,"column":44}},"31":{"start":{"line":156,"column":11},"end":{"line":160,"column":5}},"32":{"start":{"line":157,"column":6},"end":{"line":157,"column":43}},"33":{"start":{"line":159,"column":6},"end":{"line":159,"column":43}},"34":{"start":{"line":163,"column":2},"end":{"line":163,"column":9}},"35":{"start":{"line":174,"column":23},"end":{"line":181,"column":1}},"36":{"start":{"line":175,"column":2},"end":{"line":180,"column":5}},"37":{"start":{"line":190,"column":24},"end":{"line":195,"column":1}},"38":{"start":{"line":191,"column":2},"end":{"line":194,"column":5}},"39":{"start":{"line":205,"column":30},"end":{"line":216,"column":1}},"40":{"start":{"line":206,"column":2},"end":{"line":215,"column":3}},"41":{"start":{"line":207,"column":4},"end":{"line":209,"column":7}},"42":{"start":{"line":211,"column":4},"end":{"line":214,"column":7}},"43":{"start":{"line":226,"column":29},"end":{"line":231,"column":1}},"44":{"start":{"line":227,"column":2},"end":{"line":230,"column":5}},"45":{"start":{"line":233,"column":0},"end":{"line":242,"column":2}}},"fnMap":{"0":{"name":"(anonymous_0)","decl":{"start":{"line":40,"column":26},"end":{"line":40,"column":27}},"loc":{"start":{"line":40,"column":89},"end":{"line":55,"column":5}},"line":40},"1":{"name":"(anonymous_1)","decl":{"start":{"line":45,"column":52},"end":{"line":45,"column":53}},"loc":{"start":{"line":46,"column":8},"end":{"line":46,"column":67}},"line":46},"2":{"name":"(anonymous_2)","decl":{"start":{"line":50,"column":40},"end":{"line":50,"column":41}},"loc":{"start":{"line":50,"column":47},"end":{"line":50,"column":72}},"line":50},"3":{"name":"(anonymous_3)","decl":{"start":{"line":99,"column":30},"end":{"line":99,"column":31}},"loc":{"start":{"line":99,"column":36},"end":{"line":101,"column":1}},"line":99},"4":{"name":"(anonymous_4)","decl":{"start":{"line":116,"column":32},"end":{"line":116,"column":33}},"loc":{"start":{"line":116,"column":52},"end":{"line":124,"column":1}},"line":116},"5":{"name":"(anonymous_5)","decl":{"start":{"line":136,"column":29},"end":{"line":136,"column":30}},"loc":{"start":{"line":136,"column":49},"end":{"line":164,"column":1}},"line":136},"6":{"name":"(anonymous_6)","decl":{"start":{"line":141,"column":19},"end":{"line":141,"column":20}},"loc":{"start":{"line":141,"column":25},"end":{"line":161,"column":3}},"line":141},"7":{"name":"(anonymous_7)","decl":{"start":{"line":174,"column":23},"end":{"line":174,"column":24}},"loc":{"start":{"line":174,"column":42},"end":{"line":181,"column":1}},"line":174},"8":{"name":"(anonymous_8)","decl":{"start":{"line":190,"column":24},"end":{"line":190,"column":25}},"loc":{"start":{"line":190,"column":36},"end":{"line":195,"column":1}},"line":190},"9":{"name":"(anonymous_9)","decl":{"start":{"line":205,"column":30},"end":{"line":205,"column":31}},"loc":{"start":{"line":205,"column":57},"end":{"line":216,"column":1}},"line":205},"10":{"name":"(anonymous_10)","decl":{"start":{"line":226,"column":29},"end":{"line":226,"column":30}},"loc":{"start":{"line":226,"column":47},"end":{"line":231,"column":1}},"line":226}},"branchMap":{"0":{"loc":{"start":{"line":41,"column":32},"end":{"line":41,"column":74}},"type":"cond-expr","locations":[{"start":{"line":41,"column":48},"end":{"line":41,"column":69}},{"start":{"line":41,"column":72},"end":{"line":41,"column":74}}],"line":41},"1":{"loc":{"start":{"line":46,"column":8},"end":{"line":46,"column":67}},"type":"binary-expr","locations":[{"start":{"line":46,"column":8},"end":{"line":46,"column":27}},{"start":{"line":46,"column":31},"end":{"line":46,"column":46}},{"start":{"line":46,"column":50},"end":{"line":46,"column":67}}],"line":46},"2":{"loc":{"start":{"line":49,"column":6},"end":{"line":52,"column":7}},"type":"if","locations":[{"start":{"line":49,"column":6},"end":{"line":52,"column":7}},{"start":{},"end":{}}],"line":49},"3":{"loc":{"start":{"line":79,"column":9},"end":{"line":79,"column":65}},"type":"cond-expr","locations":[{"start":{"line":79,"column":49},"end":{"line":79,"column":55}},{"start":{"line":79,"column":58},"end":{"line":79,"column":65}}],"line":79},"4":{"loc":{"start":{"line":82,"column":17},"end":{"line":82,"column":54}},"type":"binary-expr","locations":[{"start":{"line":82,"column":17},"end":{"line":82,"column":37}},{"start":{"line":82,"column":41},"end":{"line":82,"column":54}}],"line":82},"5":{"loc":{"start":{"line":118,"column":22},"end":{"line":118,"column":80}},"type":"binary-expr","locations":[{"start":{"line":118,"column":22},"end":{"line":118,"column":53}},{"start":{"line":118,"column":57},"end":{"line":118,"column":80}}],"line":118},"6":{"loc":{"start":{"line":149,"column":10},"end":{"line":149,"column":48}},"type":"binary-expr","locations":[{"start":{"line":149,"column":10},"end":{"line":149,"column":16}},{"start":{"line":149,"column":20},"end":{"line":149,"column":48}}],"line":149},"7":{"loc":{"start":{"line":154,"column":4},"end":{"line":160,"column":5}},"type":"if","locations":[{"start":{"line":154,"column":4},"end":{"line":160,"column":5}},{"start":{"line":156,"column":11},"end":{"line":160,"column":5}}],"line":154},"8":{"loc":{"start":{"line":156,"column":11},"end":{"line":160,"column":5}},"type":"if","locations":[{"start":{"line":156,"column":11},"end":{"line":160,"column":5}},{"start":{"line":158,"column":11},"end":{"line":160,"column":5}}],"line":156},"9":{"loc":{"start":{"line":178,"column":13},"end":{"line":178,"column":50}},"type":"binary-expr","locations":[{"start":{"line":178,"column":13},"end":{"line":178,"column":33}},{"start":{"line":178,"column":37},"end":{"line":178,"column":50}}],"line":178},"10":{"loc":{"start":{"line":205,"column":40},"end":{"line":205,"column":52}},"type":"default-arg","locations":[{"start":{"line":205,"column":48},"end":{"line":205,"column":52}}],"line":205},"11":{"loc":{"start":{"line":206,"column":2},"end":{"line":215,"column":3}},"type":"if","locations":[{"start":{"line":206,"column":2},"end":{"line":215,"column":3}},{"start":{"line":210,"column":9},"end":{"line":215,"column":3}}],"line":206},"12":{"loc":{"start":{"line":212,"column":13},"end":{"line":212,"column":52}},"type":"cond-expr","locations":[{"start":{"line":212,"column":21},"end":{"line":212,"column":34}},{"start":{"line":212,"column":37},"end":{"line":212,"column":52}}],"line":212}},"s":{"0":1,"1":1,"2":1,"3":1,"4":1,"5":1,"6":1,"7":1,"8":1,"9":8,"10":1,"11":1,"12":8,"13":1,"14":1,"15":1,"16":1,"17":1,"18":0,"19":1,"20":0,"21":0,"22":0,"23":1,"24":0,"25":0,"26":0,"27":0,"28":0,"29":0,"30":0,"31":0,"32":0,"33":0,"34":0,"35":1,"36":0,"37":1,"38":0,"39":1,"40":0,"41":0,"42":0,"43":1,"44":0,"45":1},"f":{"0":1,"1":8,"2":8,"3":0,"4":0,"5":0,"6":0,"7":0,"8":0,"9":0,"10":0},"b":{"0":[0,1],"1":[8,8,8],"2":[1,0],"3":[0,1],"4":[1,0],"5":[0,0],"6":[0,0],"7":[0,0],"8":[0,0],"9":[0,0],"10":[0],"11":[0,0],"12":[0,0]},"_coverageSchema":"1a1c01bbd47fc00a2c39e90264f33305004495a9","hash":"8639d92156a29001aecb922723d26e04f17f5b0a"}
}
