TN:
SF:middleware/error-handler.js
FN:19,(anonymous_0)
FN:35,(anonymous_1)
FN:65,(anonymous_2)
FN:89,(anonymous_3)
FN:92,(anonymous_4)
FN:136,(anonymous_5)
FN:154,(anonymous_6)
FN:190,(anonymous_7)
FN:190,(anonymous_8)
FNF:9
FNH:9
FNDA:31,(anonymous_0)
FNDA:27,(anonymous_1)
FNDA:27,(anonymous_2)
FNDA:27,(anonymous_3)
FNDA:2,(anonymous_4)
FNDA:3,(anonymous_5)
FNDA:27,(anonymous_6)
FNDA:6,(anonymous_7)
FNDA:6,(anonymous_8)
DA:20,31
DA:21,31
DA:22,31
DA:23,31
DA:24,31
DA:35,1
DA:36,27
DA:38,27
DA:40,27
DA:46,27
DA:47,27
DA:51,27
DA:52,25
DA:55,27
DA:65,1
DA:66,27
DA:75,27
DA:76,25
DA:80,27
DA:89,1
DA:91,27
DA:92,2
DA:93,1
DA:97,26
DA:98,1
DA:102,25
DA:103,1
DA:104,1
DA:108,24
DA:109,1
DA:113,23
DA:114,1
DA:117,22
DA:118,1
DA:122,21
DA:123,1
DA:126,20
DA:136,1
DA:137,3
DA:142,3
DA:154,1
DA:155,27
DA:158,27
DA:161,27
DA:162,3
DA:170,27
DA:173,27
DA:174,27
DA:176,27
DA:190,6
DA:191,6
DA:194,1
LF:52
LH:52
BRDA:19,0,0,3
BRDA:19,1,0,3
BRDA:36,2,0,27
BRDA:36,2,1,1
BRDA:38,3,0,1
BRDA:38,3,1,26
BRDA:38,4,0,27
BRDA:38,4,1,26
BRDA:42,5,0,27
BRDA:42,5,1,0
BRDA:46,6,0,27
BRDA:46,6,1,0
BRDA:51,7,0,25
BRDA:51,7,1,2
BRDA:51,8,0,27
BRDA:51,8,1,25
BRDA:69,9,0,27
BRDA:69,9,1,0
BRDA:70,10,0,27
BRDA:70,10,1,0
BRDA:75,11,0,25
BRDA:75,11,1,2
BRDA:75,12,0,27
BRDA:75,12,1,25
BRDA:91,13,0,1
BRDA:91,13,1,26
BRDA:97,14,0,1
BRDA:97,14,1,25
BRDA:102,15,0,1
BRDA:102,15,1,24
BRDA:108,16,0,1
BRDA:108,16,1,23
BRDA:113,17,0,1
BRDA:113,17,1,22
BRDA:117,18,0,1
BRDA:117,18,1,21
BRDA:122,19,0,1
BRDA:122,19,1,20
BRDA:161,20,0,3
BRDA:161,20,1,24
BRDA:161,21,0,27
BRDA:161,21,1,3
BRDA:173,22,0,27
BRDA:173,22,1,0
BRF:44
BRH:39
end_of_record
