TN:
SF:middleware/auth.js
FN:18,(anonymous_0)
FN:38,(anonymous_1)
FN:99,(anonymous_2)
FN:134,(anonymous_3)
FN:135,(anonymous_4)
FN:155,(anonymous_5)
FN:182,(anonymous_6)
FN:196,(anonymous_7)
FNF:8
FNH:4
FNDA:4,(anonymous_0)
FNDA:4,(anonymous_1)
FNDA:0,(anonymous_2)
FNDA:1,(anonymous_3)
FNDA:3,(anonymous_4)
FNDA:0,(anonymous_5)
FNDA:0,(anonymous_6)
FNDA:0,(anonymous_7)
DA:1,1
DA:2,1
DA:3,1
DA:18,1
DA:19,4
DA:21,4
DA:22,0
DA:25,4
DA:38,1
DA:39,4
DA:41,4
DA:43,4
DA:44,0
DA:48,4
DA:51,4
DA:53,4
DA:54,0
DA:58,4
DA:59,0
DA:63,4
DA:64,4
DA:66,4
DA:69,0
DA:70,0
DA:73,0
DA:74,0
DA:77,0
DA:78,0
DA:82,0
DA:83,0
DA:87,0
DA:99,1
DA:100,0
DA:101,0
DA:103,0
DA:105,0
DA:108,0
DA:109,0
DA:111,0
DA:112,0
DA:113,0
DA:119,0
DA:120,0
DA:124,0
DA:134,1
DA:135,1
DA:136,3
DA:137,0
DA:140,3
DA:141,1
DA:144,2
DA:155,1
DA:156,0
DA:157,0
DA:160,0
DA:167,0
DA:173,0
DA:182,1
DA:183,0
DA:184,0
DA:186,0
DA:196,1
DA:197,0
DA:198,0
DA:201,0
DA:204,1
LF:66
LH:29
BRDA:21,0,0,0
BRDA:21,0,1,4
BRDA:21,1,0,4
BRDA:21,1,1,4
BRDA:43,2,0,0
BRDA:43,2,1,4
BRDA:53,3,0,0
BRDA:53,3,1,4
BRDA:58,4,0,0
BRDA:58,4,1,4
BRDA:69,5,0,0
BRDA:69,5,1,0
BRDA:73,6,0,0
BRDA:73,6,1,0
BRDA:77,7,0,0
BRDA:77,7,1,0
BRDA:82,8,0,0
BRDA:82,8,1,0
BRDA:103,9,0,0
BRDA:103,9,1,0
BRDA:111,10,0,0
BRDA:111,10,1,0
BRDA:111,11,0,0
BRDA:111,11,1,0
BRDA:119,12,0,0
BRDA:119,12,1,0
BRDA:136,13,0,0
BRDA:136,13,1,3
BRDA:140,14,0,1
BRDA:140,14,1,2
BRDA:155,15,0,0
BRDA:156,16,0,0
BRDA:156,16,1,0
BRDA:168,17,0,0
BRDA:168,17,1,0
BRDA:197,18,0,0
BRDA:197,18,1,0
BRF:37
BRH:9
end_of_record
TN:
SF:middleware/error-handler.js
FN:21,(anonymous_0)
FN:37,(anonymous_1)
FN:67,(anonymous_2)
FN:99,(anonymous_3)
FN:102,(anonymous_4)
FN:146,(anonymous_5)
FN:164,(anonymous_6)
FN:200,(anonymous_7)
FN:200,(anonymous_8)
FNF:9
FNH:7
FNDA:1,(anonymous_0)
FNDA:1,(anonymous_1)
FNDA:1,(anonymous_2)
FNDA:1,(anonymous_3)
FNDA:0,(anonymous_4)
FNDA:0,(anonymous_5)
FNDA:1,(anonymous_6)
FNDA:3,(anonymous_7)
FNDA:6,(anonymous_8)
DA:11,1
DA:22,1
DA:23,1
DA:24,1
DA:25,1
DA:26,1
DA:37,1
DA:38,1
DA:40,1
DA:42,1
DA:48,1
DA:49,1
DA:53,1
DA:54,1
DA:57,1
DA:67,1
DA:68,1
DA:79,1
DA:80,1
DA:84,1
DA:85,0
DA:86,1
DA:87,1
DA:89,0
DA:99,1
DA:101,1
DA:102,0
DA:103,0
DA:107,1
DA:108,0
DA:112,1
DA:113,0
DA:114,0
DA:118,1
DA:119,0
DA:123,1
DA:124,0
DA:127,1
DA:128,0
DA:132,1
DA:133,0
DA:136,1
DA:146,1
DA:147,0
DA:152,0
DA:164,1
DA:165,1
DA:168,1
DA:171,1
DA:172,0
DA:180,1
DA:183,1
DA:184,1
DA:186,1
DA:200,3
DA:201,6
DA:204,1
LF:57
LH:43
BRDA:21,0,0,0
BRDA:21,1,0,0
BRDA:38,2,0,1
BRDA:38,2,1,0
BRDA:40,3,0,0
BRDA:40,3,1,1
BRDA:40,4,0,1
BRDA:40,4,1,1
BRDA:44,5,0,1
BRDA:44,5,1,0
BRDA:48,6,0,1
BRDA:48,6,1,0
BRDA:53,7,0,1
BRDA:53,7,1,0
BRDA:53,8,0,1
BRDA:53,8,1,1
BRDA:70,9,0,1
BRDA:70,9,1,0
BRDA:71,10,0,1
BRDA:71,10,1,0
BRDA:75,11,0,1
BRDA:75,11,1,0
BRDA:79,12,0,1
BRDA:79,12,1,0
BRDA:84,13,0,0
BRDA:84,13,1,1
BRDA:86,14,0,1
BRDA:86,14,1,0
BRDA:101,15,0,0
BRDA:101,15,1,1
BRDA:107,16,0,0
BRDA:107,16,1,1
BRDA:112,17,0,0
BRDA:112,17,1,1
BRDA:118,18,0,0
BRDA:118,18,1,1
BRDA:123,19,0,0
BRDA:123,19,1,1
BRDA:127,20,0,0
BRDA:127,20,1,1
BRDA:132,21,0,0
BRDA:132,21,1,1
BRDA:171,22,0,0
BRDA:171,22,1,1
BRDA:171,23,0,1
BRDA:171,23,1,0
BRDA:183,24,0,1
BRDA:183,24,1,0
BRF:48
BRH:25
end_of_record
TN:
SF:models/DeploymentAudit.js
FNF:0
FNH:0
DA:1,1
DA:10,1
DA:65,1
DA:70,1
DA:75,1
DA:77,1
LF:6
LH:6
BRF:0
BRH:0
end_of_record
TN:
SF:models/Token.js
FNF:0
FNH:0
DA:1,1
DA:21,1
DA:82,1
LF:3
LH:3
BRF:0
BRH:0
end_of_record
TN:
SF:models/User.js
FN:21,(anonymous_0)
FN:81,(anonymous_1)
FN:89,(anonymous_2)
FN:98,(anonymous_3)
FNF:4
FNH:3
FNDA:2,(anonymous_0)
FNDA:4,(anonymous_1)
FNDA:0,(anonymous_2)
FNDA:4,(anonymous_3)
DA:1,1
DA:10,1
DA:24,2
DA:74,1
DA:81,1
DA:82,4
DA:89,1
DA:90,0
DA:91,0
DA:98,1
DA:99,4
DA:102,1
LF:12
LH:10
BRF:0
BRH:0
end_of_record
TN:
SF:routes/audit-routes.js
FN:22,(anonymous_0)
FN:37,(anonymous_1)
FNF:2
FNH:2
FNDA:1,(anonymous_0)
FNDA:2,(anonymous_1)
DA:1,1
DA:2,1
DA:3,1
DA:4,1
DA:13,1
DA:22,1
DA:23,1
DA:27,1
DA:37,1
DA:38,2
DA:39,2
DA:41,2
DA:42,2
DA:43,2
DA:45,2
DA:50,2
DA:53,1
LF:17
LH:17
BRDA:41,0,0,1
BRDA:41,0,1,1
BRDA:42,1,0,0
BRDA:42,1,1,2
BRDA:43,2,0,0
BRDA:43,2,1,2
BRF:6
BRH:4
end_of_record
TN:
SF:utils/logger.js
FN:40,(anonymous_0)
FN:45,(anonymous_1)
FN:50,(anonymous_2)
FN:99,(anonymous_3)
FN:116,(anonymous_4)
FN:136,(anonymous_5)
FN:141,(anonymous_6)
FN:174,(anonymous_7)
FN:190,(anonymous_8)
FN:205,(anonymous_9)
FN:226,(anonymous_10)
FNF:11
FNH:3
FNDA:1,(anonymous_0)
FNDA:8,(anonymous_1)
FNDA:8,(anonymous_2)
FNDA:0,(anonymous_3)
FNDA:0,(anonymous_4)
FNDA:0,(anonymous_5)
FNDA:0,(anonymous_6)
FNDA:0,(anonymous_7)
FNDA:0,(anonymous_8)
FNDA:0,(anonymous_9)
FNDA:0,(anonymous_10)
DA:10,1
DA:11,1
DA:12,1
DA:13,1
DA:24,1
DA:36,1
DA:41,1
DA:42,1
DA:45,1
DA:46,8
DA:49,1
DA:50,8
DA:51,1
DA:54,1
DA:64,1
DA:78,1
DA:99,1
DA:100,0
DA:116,1
DA:118,0
DA:121,0
DA:123,0
DA:136,1
DA:137,0
DA:138,0
DA:141,0
DA:142,0
DA:143,0
DA:154,0
DA:155,0
DA:156,0
DA:157,0
DA:159,0
DA:163,0
DA:174,1
DA:175,0
DA:190,1
DA:191,0
DA:205,1
DA:206,0
DA:207,0
DA:211,0
DA:226,1
DA:227,0
DA:233,1
LF:45
LH:24
BRDA:41,0,0,0
BRDA:41,0,1,1
BRDA:46,1,0,8
BRDA:46,1,1,8
BRDA:46,1,2,8
BRDA:49,2,0,1
BRDA:49,2,1,0
BRDA:79,3,0,0
BRDA:79,3,1,1
BRDA:82,4,0,1
BRDA:82,4,1,0
BRDA:118,5,0,0
BRDA:118,5,1,0
BRDA:149,6,0,0
BRDA:149,6,1,0
BRDA:154,7,0,0
BRDA:154,7,1,0
BRDA:156,8,0,0
BRDA:156,8,1,0
BRDA:178,9,0,0
BRDA:178,9,1,0
BRDA:205,10,0,0
BRDA:206,11,0,0
BRDA:206,11,1,0
BRDA:212,12,0,0
BRDA:212,12,1,0
BRF:26
BRH:7
end_of_record
